<?xml version="1.0" encoding="UTF-8"?>
<testng-results ignored="0" total="1" passed="1" failed="0" skipped="0">
  <reporter-output>
  </reporter-output>
  <suite started-at="2022-12-02T09:06:47Z" name="Orange CRM Application Test Automation Test Suite" finished-at="2022-12-02T09:07:27Z" duration-ms="40378">
    <groups>
    </groups>
    <test started-at="2022-12-02T09:06:47Z" name="Sample PoC" finished-at="2022-12-02T09:07:27Z" duration-ms="40378">
      <class name="scripts.RegisterTest">
        <test-method is-config="true" signature="openBrowser()[pri:0, instance:scripts.RegisterTest@37918c79]" started-at="2022-12-02T14:36:47Z" name="openBrowser" finished-at="2022-12-02T14:36:53Z" duration-ms="5974" status="PASS">
          <reporter-output>
          </reporter-output>
        </test-method> <!-- openBrowser -->
        <test-method signature="registerPageTest()[pri:0, instance:scripts.RegisterTest@37918c79]" started-at="2022-12-02T14:36:53Z" name="registerPageTest" description="Registration Test" finished-at="2022-12-02T14:37:27Z" duration-ms="34117" status="PASS">
          <reporter-output>
          </reporter-output>
        </test-method> <!-- registerPageTest -->
        <test-method is-config="true" signature="closeBrowser()[pri:0, instance:scripts.RegisterTest@37918c79]" started-at="2022-12-02T14:37:27Z" name="closeBrowser" finished-at="2022-12-02T14:37:27Z" duration-ms="269" status="PASS">
          <reporter-output>
          </reporter-output>
        </test-method> <!-- closeBrowser -->
      </class> <!-- scripts.RegisterTest -->
    </test> <!-- Sample PoC -->
  </suite> <!-- Orange CRM Application Test Automation Test Suite -->
</testng-results>
